<?xml version="1.0" encoding="UTF-8"?>
<testsuite xmlns:xsi="http://www.w3.org/2001/XMLSchema-instance" xsi:noNamespaceSchemaLocation="https://maven.apache.org/surefire/maven-surefire-plugin/xsd/surefire-test-report-3.0.xsd" version="3.0" name="cucumber.options.testRunner" time="25.782" tests="1" errors="0" skipped="0" failures="0">
  <properties>
[...]
</properties>
  <testcase name="runScenario[&quot;User should be able to maximize chat screen after clicking on maximizer.&quot;, &quot;verify chatbot functionality&quot;](1)" classname="cucumber.options.testRunner" time="22.607">
    <system-out><![CDATA[11:48:48.889 [main] INFO  utilities.Log - Test execution started.

@test
Scenario: User should be able to maximize chat screen after clicking on maximizer. &amp#27;[90m# src/test/java/features/home.feature:4&amp#27;[0m
11:48:48.984 [main] INFO  helper.baseClass - Setting up the driver and browser properties
click_on_maximizer
  &amp#27;[32mWhen &amp#27;[0m&amp#27;[32mClick on maximizer&amp#27;[0m                                                          &amp#27;[90m# stepDefination.homeStep.click_on_maximizer()&amp#27;[0m
  &amp#27;[32mThen &amp#27;[0m&amp#27;[32mMinimizer should be displayed&amp#27;[0m                                               &amp#27;[90m# stepDefination.homeStep.Minimizer_should_be_displayed()&amp#27;[0m
]]></system-out>
    <system-err><![CDATA[Jun 22, 2024 11:48:48 AM io.cucumber.core.options.CucumberPropertiesParser lambda$warnWhenCucumberOptionsIsUsed$2
WARNING: Passing commandline options via the property 'cucumber.options' is no longer supported. Please use individual properties instead. See the java doc on io.cucumber.core.options.Constants for details.
Jun 22, 2024 11:48:50 AM org.openqa.selenium.devtools.CdpVersionFinder findNearestMatch
WARNING: Unable to find CDP implementation matching 126
Jun 22, 2024 11:48:50 AM org.openqa.selenium.chromium.ChromiumDriver lambda$new$5
WARNING: Unable to find version of CDP to use for 126.0.6478.63. You may need to include a dependency on a specific version of the CDP using something similar to `org.seleniumhq.selenium:selenium-devtools-v86:4.14.1` where the version ("v86") matches the version of the chromium-based browser you're using and the version number of the artifact is the same as Selenium's.
]]></system-err>
  </testcase>
</testsuite>