<?xml version="1.0" encoding="UTF-8"?>
<testng-results ignored="0" total="1" passed="1" failed="0" skipped="0">
  <reporter-output>
  </reporter-output>
  <suite started-at="2024-06-22T11:48:48 IST" name="Surefire suite" finished-at="2024-06-22T11:49:12 IST" duration-ms="23727">
    <groups>
      <group name="cucumber">
        <method signature="AbstractTestNGCucumberTests.runScenario(io.cucumber.testng.PickleWrapper,io.cucumber.testng.FeatureWrapper)[pri:0, instance:cucumber.options.testRunner@743cb8e0]" name="runScenario" class="io.cucumber.testng.AbstractTestNGCucumberTests"/>
      </group> <!-- cucumber -->
    </groups>
    <test started-at="2024-06-22T11:48:48 IST" name="Surefire test" finished-at="2024-06-22T11:49:12 IST" duration-ms="23727">
      <class name="cucumber.options.testRunner">
        <test-method is-config="true" signature="setUpClass(org.testng.ITestContext)[pri:0, instance:cucumber.options.testRunner@743cb8e0]" started-at="2024-06-22T11:48:48 IST" name="setUpClass" finished-at="2024-06-22T11:48:48 IST" duration-ms="317" status="PASS">
          <params>
            <param index="0">
              <value>
                <![CDATA[org.testng.TestRunner@1788cb61]]>
              </value>
            </param>
          </params>
          <reporter-output>
          </reporter-output>
        </test-method> <!-- setUpClass -->
        <test-method is-config="true" signature="setup()[pri:0, instance:cucumber.options.testRunner@743cb8e0]" started-at="2024-06-22T11:48:48 IST" name="setup" finished-at="2024-06-22T11:48:48 IST" duration-ms="13" status="PASS">
          <reporter-output>
          </reporter-output>
        </test-method> <!-- setup -->
        <test-method signature="runScenario(io.cucumber.testng.PickleWrapper,io.cucumber.testng.FeatureWrapper)[pri:0, instance:cucumber.options.testRunner@743cb8e0]" started-at="2024-06-22T11:48:48 IST" name="runScenario" description="Runs Cucumber Scenarios" data-provider="scenarios" finished-at="2024-06-22T11:49:11 IST" duration-ms="22608" status="PASS">
          <params>
            <param index="0">
              <value>
                <![CDATA["User should be able to maximize chat screen after clicking on maximizer."]]>
              </value>
            </param>
            <param index="1">
              <value>
                <![CDATA["verify chatbot functionality"]]>
              </value>
            </param>
          </params>
          <reporter-output>
          </reporter-output>
        </test-method> <!-- runScenario -->
        <test-method is-config="true" signature="teardown()[pri:0, instance:cucumber.options.testRunner@743cb8e0]" started-at="2024-06-22T11:49:11 IST" name="teardown" finished-at="2024-06-22T11:49:11 IST" duration-ms="0" status="PASS">
          <reporter-output>
          </reporter-output>
        </test-method> <!-- teardown -->
        <test-method is-config="true" signature="tearDownClass()[pri:0, instance:cucumber.options.testRunner@743cb8e0]" started-at="2024-06-22T11:49:11 IST" name="tearDownClass" finished-at="2024-06-22T11:49:12 IST" duration-ms="491" status="PASS">
          <reporter-output>
          </reporter-output>
        </test-method> <!-- tearDownClass -->
      </class> <!-- cucumber.options.testRunner -->
    </test> <!-- Surefire test -->
  </suite> <!-- Surefire suite -->
</testng-results>
